<?xml version="1.0" encoding="UTF-8"?>
<testsuite xmlns:xsi="http://www.w3.org/2001/XMLSchema-instance" xsi:schemaLocation="https://maven.apache.org/surefire/maven-surefire-plugin/xsd/surefire-test-report.xsd" name="TestSuite" time="72.754" tests="8" errors="0" skipped="0" failures="6">
  <properties>
[...]
</properties>
  <testcase name="testCanGetOpenweathermap" classname="org.openweathermap.WeatherTest" time="0.357"/>
  <testcase name="verifyWeatherTemperatureData" classname="org.openweathermap.WeatherTest" time="1.355">
    <failure message="1 expectation failed.&#10;JSON path main.temp doesn&apos;t match.&#10;Expected: &lt;284.15&gt;&#10;  Actual: 284.78&#10;" type="java.lang.AssertionError"><![CDATA[java.lang.AssertionError: 
1 expectation failed.
JSON path main.temp doesn't match.
Expected: <284.15>
  Actual: 284.78

	at org.openweathermap.WeatherTest.verifyWeatherTemperatureData(WeatherTest.java:30)
]]></failure>
    <system-out><![CDATA[Verify that temperature from API is matched to Website temperature
]]></system-out>
    <system-err><![CDATA[Starting ChromeDriver 85.0.4183.87 (cd6713ebf92fa1cacc0f1a598df280093af0c5d7-refs/branch-heads/4183@{#1689}) on port 40163
Only local connections are allowed.
Please see https://chromedriver.chromium.org/security-considerations for suggestions on keeping ChromeDriver safe.
ChromeDriver was started successfully.
окт. 09, 2020 6:27:11 PM org.openqa.selenium.remote.ProtocolHandshake createSession
INFO: Detected dialect: W3C
]]></system-err>
  </testcase>
  <testcase name="verifyWeatherMinTemperatureData" classname="org.openweathermap.WeatherTest" time="0.093">
    <failure message="1 expectation failed.&#10;JSON path main.temp_min doesn&apos;t match.&#10;Expected: &lt;283.15&gt;&#10;  Actual: 283.15&#10;" type="java.lang.AssertionError"><![CDATA[java.lang.AssertionError: 
1 expectation failed.
JSON path main.temp_min doesn't match.
Expected: <283.15>
  Actual: 283.15

	at org.openweathermap.WeatherTest.verifyWeatherMinTemperatureData(WeatherTest.java:38)
]]></failure>
    <system-out><![CDATA[Verify that min temperature from API is matched to Website temperature
]]></system-out>
    <system-err><![CDATA[Starting ChromeDriver 85.0.4183.87 (cd6713ebf92fa1cacc0f1a598df280093af0c5d7-refs/branch-heads/4183@{#1689}) on port 31601
Only local connections are allowed.
Please see https://chromedriver.chromium.org/security-considerations for suggestions on keeping ChromeDriver safe.
ChromeDriver was started successfully.
окт. 09, 2020 6:27:19 PM org.openqa.selenium.remote.ProtocolHandshake createSession
INFO: Detected dialect: W3C
]]></system-err>
  </testcase>
  <testcase name="verifyWeatherMaxTemperatureData" classname="org.openweathermap.WeatherTest" time="0.119">
    <failure message="1 expectation failed.&#10;JSON path main.temp_max doesn&apos;t match.&#10;Expected: &lt;287.15&gt;&#10;  Actual: 287.15&#10;" type="java.lang.AssertionError"><![CDATA[java.lang.AssertionError: 
1 expectation failed.
JSON path main.temp_max doesn't match.
Expected: <287.15>
  Actual: 287.15

	at org.openweathermap.WeatherTest.verifyWeatherMaxTemperatureData(WeatherTest.java:46)
]]></failure>
    <system-out><![CDATA[Verify that max temperature from API is matched to Website temperature
]]></system-out>
    <system-err><![CDATA[Starting ChromeDriver 85.0.4183.87 (cd6713ebf92fa1cacc0f1a598df280093af0c5d7-refs/branch-heads/4183@{#1689}) on port 44960
Only local connections are allowed.
Please see https://chromedriver.chromium.org/security-considerations for suggestions on keeping ChromeDriver safe.
ChromeDriver was started successfully.
окт. 09, 2020 6:27:25 PM org.openqa.selenium.remote.ProtocolHandshake createSession
INFO: Detected dialect: W3C
]]></system-err>
  </testcase>
  <testcase name="verifyWeatherWindData" classname="org.openweathermap.WeatherTest" time="0.097">
    <failure message="1 expectation failed.&#10;JSON path wind.speed doesn&apos;t match.&#10;Expected: &lt;7.7&gt;&#10;  Actual: 7.2&#10;" type="java.lang.AssertionError"><![CDATA[java.lang.AssertionError: 
1 expectation failed.
JSON path wind.speed doesn't match.
Expected: <7.7>
  Actual: 7.2

	at org.openweathermap.WeatherTest.verifyWeatherWindData(WeatherTest.java:53)
]]></failure>
    <system-out><![CDATA[Verify that wind from API is matched to Website wind
]]></system-out>
    <system-err><![CDATA[Starting ChromeDriver 85.0.4183.87 (cd6713ebf92fa1cacc0f1a598df280093af0c5d7-refs/branch-heads/4183@{#1689}) on port 3040
Only local connections are allowed.
Please see https://chromedriver.chromium.org/security-considerations for suggestions on keeping ChromeDriver safe.
ChromeDriver was started successfully.
окт. 09, 2020 6:27:33 PM org.openqa.selenium.remote.ProtocolHandshake createSession
INFO: Detected dialect: W3C
]]></system-err>
  </testcase>
  <testcase name="verifyWeatherVisibilityData" classname="org.openweathermap.WeatherTest" time="0.122">
    <failure message="1 expectation failed.&#10;JSON path visibility doesn&apos;t match.&#10;Expected: &lt;5000&gt;&#10;  Actual: 10000&#10;" type="java.lang.AssertionError"><![CDATA[java.lang.AssertionError: 
1 expectation failed.
JSON path visibility doesn't match.
Expected: <5000>
  Actual: 10000

	at org.openweathermap.WeatherTest.verifyWeatherVisibilityData(WeatherTest.java:60)
]]></failure>
    <system-out><![CDATA[Verify that Visibility from API is matched to Website Visibility
]]></system-out>
    <system-err><![CDATA[Starting ChromeDriver 85.0.4183.87 (cd6713ebf92fa1cacc0f1a598df280093af0c5d7-refs/branch-heads/4183@{#1689}) on port 24474
Only local connections are allowed.
Please see https://chromedriver.chromium.org/security-considerations for suggestions on keeping ChromeDriver safe.
ChromeDriver was started successfully.
окт. 09, 2020 6:27:40 PM org.openqa.selenium.remote.ProtocolHandshake createSession
INFO: Detected dialect: W3C
]]></system-err>
  </testcase>
  <testcase name="verifyWeatherPressureData" classname="org.openweathermap.WeatherTest" time="0.108"/>
  <testcase name="verifyWeatherHumidityData" classname="org.openweathermap.WeatherTest" time="0.129">
    <failure message="1 expectation failed.&#10;JSON path main.humidity doesn&apos;t match.&#10;Expected: &lt;71&gt;&#10;  Actual: 67&#10;" type="java.lang.AssertionError"><![CDATA[java.lang.AssertionError: 
1 expectation failed.
JSON path main.humidity doesn't match.
Expected: <71>
  Actual: 67

	at org.openweathermap.WeatherTest.verifyWeatherHumidityData(WeatherTest.java:74)
]]></failure>
    <system-out><![CDATA[Verify that Humidity from API is matched to Website Humidity
]]></system-out>
    <system-err><![CDATA[Starting ChromeDriver 85.0.4183.87 (cd6713ebf92fa1cacc0f1a598df280093af0c5d7-refs/branch-heads/4183@{#1689}) on port 45340
Only local connections are allowed.
Please see https://chromedriver.chromium.org/security-considerations for suggestions on keeping ChromeDriver safe.
ChromeDriver was started successfully.
окт. 09, 2020 6:27:54 PM org.openqa.selenium.remote.ProtocolHandshake createSession
INFO: Detected dialect: W3C
]]></system-err>
  </testcase>
</testsuite>